<?xml version="1.0" encoding="UTF-8"?>
<coverage generated="1576753092902" clover="3.2.0">
  <project timestamp="1576753092902" name="All files">
    <metrics statements="25" coveredstatements="20" conditionals="20" coveredconditionals="17" methods="13" coveredmethods="12" elements="58" coveredelements="49" complexity="0" loc="25" ncloc="25" packages="3" files="4" classes="4"/>
    <package name="components">
      <metrics statements="16" coveredstatements="11" conditionals="20" coveredconditionals="17" methods="8" coveredmethods="7"/>
      <file name="Form.vue" path="/Users/igorhevsokov/skillbox/test/src/components/Form.vue">
        <metrics statements="14" coveredstatements="9" conditionals="20" coveredconditionals="17" methods="7" coveredmethods="6"/>
        <line num="34" count="2" type="stmt"/>
        <line num="39" count="6" type="stmt"/>
        <line num="54" count="4" type="cond" truecount="5" falsecount="0"/>
        <line num="61" count="4" type="cond" truecount="5" falsecount="0"/>
        <line num="69" count="1" type="stmt"/>
        <line num="74" count="1" type="stmt"/>
        <line num="78" count="3" type="cond" truecount="6" falsecount="0"/>
        <line num="81" count="1" type="stmt"/>
        <line num="85" count="0" type="stmt"/>
        <line num="86" count="0" type="stmt"/>
        <line num="89" count="0" type="cond" truecount="0" falsecount="2"/>
        <line num="90" count="0" type="stmt"/>
        <line num="91" count="0" type="stmt"/>
        <line num="97" count="2" type="cond" truecount="1" falsecount="1"/>
      </file>
      <file name="StoreTest.vue" path="/Users/igorhevsokov/skillbox/test/src/components/StoreTest.vue">
        <metrics statements="2" coveredstatements="2" conditionals="0" coveredconditionals="0" methods="1" coveredmethods="1"/>
        <line num="17" count="2" type="stmt"/>
        <line num="23" count="3" type="stmt"/>
      </file>
    </package>
    <package name="store">
      <metrics statements="4" coveredstatements="4" conditionals="0" coveredconditionals="0" methods="3" coveredmethods="3"/>
      <file name="index.js" path="/Users/igorhevsokov/skillbox/test/src/store/index.js">
        <metrics statements="4" coveredstatements="4" conditionals="0" coveredconditionals="0" methods="3" coveredmethods="3"/>
        <line num="4" count="1" type="stmt"/>
        <line num="13" count="2" type="stmt"/>
        <line num="19" count="2" type="stmt"/>
        <line num="25" count="3" type="stmt"/>
      </file>
    </package>
    <package name="views">
      <metrics statements="5" coveredstatements="5" conditionals="0" coveredconditionals="0" methods="2" coveredmethods="2"/>
      <file name="Home.vue" path="/Users/igorhevsokov/skillbox/test/src/views/Home.vue">
        <metrics statements="5" coveredstatements="5" conditionals="0" coveredconditionals="0" methods="2" coveredmethods="2"/>
        <line num="13" count="1" type="stmt"/>
        <line num="14" count="1" type="stmt"/>
        <line num="15" count="1" type="stmt"/>
        <line num="25" count="2" type="stmt"/>
        <line num="31" count="1" type="stmt"/>
      </file>
    </package>
  </project>
</coverage>
