TN:
SF:/Users/igorhevsokov/skillbox/test/src/components/Form.vue
FN:38,(anonymous_1)
FN:53,(anonymous_2)
FN:60,(anonymous_3)
FN:67,(anonymous_4)
FN:77,(anonymous_5)
FN:84,(anonymous_6)
FN:96,(anonymous_7)
FNF:7
FNH:6
FNDA:6,(anonymous_1)
FNDA:2,(anonymous_2)
FNDA:2,(anonymous_3)
FNDA:1,(anonymous_4)
FNDA:2,(anonymous_5)
FNDA:0,(anonymous_6)
FNDA:1,(anonymous_7)
DA:34,2
DA:39,6
DA:54,4
DA:61,4
DA:69,1
DA:74,1
DA:78,3
DA:81,1
DA:85,0
DA:86,0
DA:89,0
DA:90,0
DA:91,0
DA:97,2
LF:14
LH:9
BRDA:54,0,0,1
BRDA:54,0,1,1
BRDA:54,1,0,2
BRDA:54,1,1,2
BRDA:54,1,2,1
BRDA:61,2,0,1
BRDA:61,2,1,1
BRDA:61,3,0,2
BRDA:61,3,1,2
BRDA:61,3,2,1
BRDA:78,4,0,1
BRDA:78,4,1,1
BRDA:78,5,0,2
BRDA:78,5,1,1
BRDA:78,5,2,1
BRDA:78,5,3,1
BRDA:89,6,0,0
BRDA:89,6,1,0
BRDA:97,7,0,1
BRDA:97,7,1,0
BRF:20
BRH:17
end_of_record
TN:
SF:/Users/igorhevsokov/skillbox/test/src/components/StoreTest.vue
FN:22,(anonymous_1)
FNF:1
FNH:1
FNDA:3,(anonymous_1)
DA:17,2
DA:23,3
LF:2
LH:2
BRF:0
BRH:0
end_of_record
TN:
SF:/Users/igorhevsokov/skillbox/test/src/store/index.js
FN:12,(anonymous_0)
FN:18,(anonymous_1)
FN:24,(anonymous_2)
FNF:3
FNH:3
FNDA:2,(anonymous_0)
FNDA:2,(anonymous_1)
FNDA:3,(anonymous_2)
DA:4,1
DA:13,2
DA:19,2
DA:25,3
LF:4
LH:4
BRF:0
BRH:0
end_of_record
TN:
SF:/Users/igorhevsokov/skillbox/test/src/views/Home.vue
FN:24,(anonymous_1)
FN:30,(anonymous_2)
FNF:2
FNH:2
FNDA:2,(anonymous_1)
FNDA:1,(anonymous_2)
DA:13,1
DA:14,1
DA:15,1
DA:25,2
DA:31,1
LF:5
LH:5
BRF:0
BRH:0
end_of_record
